<?xml version="1.0" encoding="UTF-8" ?>
<testsuite tests="5" failures="0" name="edu.udel.udse.testmin.MainTest" time="135.73" errors="0" skipped="0">
  <properties>
[...]
</properties>
  <testcase classname="edu.udel.udse.testmin.MainTest" name="setTestCasesTest" time="0.06"/>
  <testcase classname="edu.udel.udse.testmin.MainTest" name="runTestCase" time="35.105"/>
  <testcase classname="edu.udel.udse.testmin.MainTest" name="executeLPSolveTest" time="0.18"/>
  <testcase classname="edu.udel.udse.testmin.MainTest" name="setTestCasesTestFile" time="0.005"/>
  <testcase classname="edu.udel.udse.testmin.MainTest" name="runAndInstrumentTestCaseTest" time="100.38"/>
</testsuite>